<?xml version="1.0" encoding="UTF-8"?>
<testng-results total="1" passed="1" failed="0" skipped="0">
  <reporter-output>
  </reporter-output>
  <suite started-at="2022-11-09T06:13:23Z" name="test.com.StudentTest" finished-at="2022-11-09T06:13:23Z" duration-ms="25">
    <groups>
    </groups>
    <test started-at="2022-11-09T06:13:23Z" name="Command line test" finished-at="2022-11-09T06:13:23Z" duration-ms="25">
      <class name="test.com.StudentTest">
        <test-method is-config="true" signature="setUpClass()[pri:0, instance:test.com.StudentTest@52feb982]" started-at="2022-11-09T00:13:23Z" name="setUpClass" finished-at="2022-11-09T00:13:23Z" duration-ms="11" status="PASS">
          <reporter-output>
          </reporter-output>
        </test-method> <!-- setUpClass -->
        <test-method is-config="true" signature="setUpMethod()[pri:0, instance:test.com.StudentTest@52feb982]" started-at="2022-11-09T00:13:23Z" name="setUpMethod" finished-at="2022-11-09T00:13:23Z" duration-ms="2" status="PASS">
          <reporter-output>
          </reporter-output>
        </test-method> <!-- setUpMethod -->
        <test-method signature="testName()[pri:0, instance:test.com.StudentTest@52feb982]" started-at="2022-11-09T00:13:23Z" name="testName" finished-at="2022-11-09T00:13:23Z" duration-ms="3" status="PASS">
          <reporter-output>
          </reporter-output>
        </test-method> <!-- testName -->
        <test-method is-config="true" signature="tearDownMethod()[pri:0, instance:test.com.StudentTest@52feb982]" started-at="2022-11-09T00:13:23Z" name="tearDownMethod" finished-at="2022-11-09T00:13:23Z" duration-ms="0" status="PASS">
          <reporter-output>
          </reporter-output>
        </test-method> <!-- tearDownMethod -->
        <test-method is-config="true" signature="tearDownClass()[pri:0, instance:test.com.StudentTest@52feb982]" started-at="2022-11-09T00:13:23Z" name="tearDownClass" finished-at="2022-11-09T00:13:23Z" duration-ms="1" status="PASS">
          <reporter-output>
          </reporter-output>
        </test-method> <!-- tearDownClass -->
      </class> <!-- test.com.StudentTest -->
    </test> <!-- Command line test -->
  </suite> <!-- test.com.StudentTest -->
</testng-results>
